#-----------------------------------------------------------
# Vivado v2015.2 (64-bit)
# SW Build 1266856 on Fri Jun 26 16:35:25 MDT 2015
# IP Build 1264090 on Wed Jun 24 14:22:01 MDT 2015
# Start of session at: Tue Jun 26 22:06:22 2018
# Process ID: 1576
# Log file: E:/VivadoProjects/MultiCycleCPU/vivado.log
# Journal file: E:/VivadoProjects/MultiCycleCPU\vivado.jou
#-----------------------------------------------------------
start_gui
open_project E:/VivadoProjects/MultiCycleCPU/MultiCycleCPU.xpr
Scanning sources...
Finished scanning sources
INFO: [IP_Flow 19-234] Refreshing IP repositories
INFO: [IP_Flow 19-1704] No user IP repositories specified
INFO: [IP_Flow 19-2313] Loaded Vivado IP repository 'C:/Users/MrW/Documents/vivado2015.2/Vivado/2015.2/data/ip'.
open_project: Time (s): cpu = 00:00:09 ; elapsed = 00:00:11 . Memory (MB): peak = 744.859 ; gain = 154.691
close [ open E:/VivadoProjects/MultiCycleCPU/MultiCycleCPU.srcs/sources_1/new/DR.v w ]
add_files E:/VivadoProjects/MultiCycleCPU/MultiCycleCPU.srcs/sources_1/new/DR.v
update_compile_order -fileset sources_1
exit
INFO: [Common 17-206] Exiting Vivado at Wed Jun 27 00:09:33 2018...
